48
'rom basics'
'mage basics'
'cleric basics'
'thief basics'
'warrior basics'
'ranger basics'
'druid basics'
'vampire basics'
'wizard basics'
'priest basics'
'mercenary basics'
'gladiator basics'
'strider basics'
'sage basics'
'lich basics'
'mage default'
'cleric default'
'thief default'
'warrior default'
'ranger default'
'druid default'
'vampire default'
'wizard default'
'priest default'
'mercenary default'
'gladiator default'
'strider default'
'sage default'
'lich default'
'weaponsmaster'
'attack'
'beguiling'
'benedictions'
'combat'
'creation'
'curative'
'detection'
'draconian'
'enchantment'
'enhancement'
'harmful'
'healing'
'illusion'
'maladictions'
'protective'
'shielding'
'transportation'
'weather'
End
